2025/12/25 14:04:24 logger.go:45: [ERROR] 设备审核录像提醒定时任务已启动，将根据配置执行
2025/12/25 14:04:24 logger.go:45: [ERROR] 定时任务已配置：每天 10:00，下次执行时间：2025-12-26 10:00:00，等待 19h55m35.5160322s
2025/12/25 14:04:49 logger.go:57: [INFO] [CheckpointSSEHandler] 客户端已注册: 1_1766642689927204800 (用户ID: 1)
2025/12/25 14:04:49 logger.go:57: [INFO] [EventHub] 客户端连接: 1_1766642689927204800 (用户ID: 1, 总数: 1)
2025/12/25 14:04:50 logger.go:57: [INFO] [CheckpointSSEHandler] 初始连接消息已发送
2025/12/25 14:04:53 logger.go:57: [INFO] [CheckpointSSEHandler] 客户端断开连接: 1_1766642689927204800
2025/12/25 14:04:53 logger.go:57: [INFO] [EventHub] 客户端断开: 1_1766642689927204800 (剩余: 0)
2025/12/25 14:04:53 logger.go:57: [INFO] [EventHub] 事件已加入广播队列: type=task_deleted, taskID=29
2025/12/25 14:04:53 logger.go:57: [INFO] [EventHub] 开始广播事件给 0 个客户端: type=task_deleted, taskID=29
2025/12/25 14:04:53 logger.go:57: [INFO] [EventHub] 警告: 没有活跃的客户端连接，事件将被丢弃
2025/12/25 14:04:53 logger.go:57: [INFO] [EventHub] 事件已发送给 0/0 个客户端
2025/12/25 14:04:53 logger.go:57: [INFO] [EventHub] 客户端连接: 1_1766642693996975300 (用户ID: 1, 总数: 1)
2025/12/25 14:04:53 logger.go:57: [INFO] [CheckpointSSEHandler] 客户端已注册: 1_1766642693996975300 (用户ID: 1)
2025/12/25 14:04:54 logger.go:57: [INFO] [CheckpointSSEHandler] 初始连接消息已发送
2025/12/25 14:04:55 logger.go:57: [INFO] [CheckpointSSEHandler] 客户端断开连接: 1_1766642693996975300
2025/12/25 14:04:55 logger.go:57: [INFO] [EventHub] 客户端断开: 1_1766642693996975300 (剩余: 0)
2025/12/25 21:14:16 logger.go:45: [ERROR] 设备审核录像提醒定时任务已启动，将根据配置执行
2025/12/25 21:14:16 logger.go:45: [ERROR] 定时任务已配置：每天 10:00，下次执行时间：2025-12-26 10:00:00，等待 12h45m43.4906479s
2025/12/25 21:14:31 logger.go:57: [INFO] [EventHub] 客户端连接: 1_1766668471271465800 (用户ID: 1, 总数: 1)
2025/12/25 21:14:31 logger.go:57: [INFO] [SSEHandler] 客户端已注册: 1_1766668471271465800 (用户ID: 1)
2025/12/25 21:14:31 logger.go:57: [INFO] [SSEHandler] 初始连接消息已发送
2025/12/25 21:14:33 logger.go:57: [INFO] [SSEHandler] 客户端断开连接: 1_1766668471271465800
2025/12/25 21:14:33 logger.go:57: [INFO] [EventHub] 客户端断开: 1_1766668471271465800 (剩余: 0)
2025/12/25 21:14:33 logger.go:57: [INFO] [SSEHandler] 客户端已注册: 1_1766668473536093400 (用户ID: 1)
2025/12/25 21:14:33 logger.go:57: [INFO] [EventHub] 客户端连接: 1_1766668473536093400 (用户ID: 1, 总数: 1)
2025/12/25 21:14:33 logger.go:57: [INFO] [SSEHandler] 初始连接消息已发送
2025/12/25 21:14:34 logger.go:57: [INFO] [SSEHandler] 客户端断开连接: 1_1766668473536093400
2025/12/25 21:14:34 logger.go:57: [INFO] [EventHub] 客户端断开: 1_1766668473536093400 (剩余: 0)
2025/12/25 21:14:34 logger.go:57: [INFO] [SSEHandler] 客户端已注册: 1_1766668474678459500 (用户ID: 1)
2025/12/25 21:14:34 logger.go:57: [INFO] [EventHub] 客户端连接: 1_1766668474678459500 (用户ID: 1, 总数: 1)
2025/12/25 21:14:34 logger.go:57: [INFO] [SSEHandler] 初始连接消息已发送
2025/12/25 21:14:38 logger.go:57: [INFO] [SSEHandler] 客户端断开连接: 1_1766668474678459500
2025/12/25 21:14:38 logger.go:57: [INFO] [EventHub] 客户端断开: 1_1766668474678459500 (剩余: 0)
2025/12/25 21:14:38 logger.go:57: [INFO] [SSEHandler] 客户端已注册: 1_1766668478794245800 (用户ID: 1)
2025/12/25 21:14:38 logger.go:57: [INFO] [EventHub] 客户端连接: 1_1766668478794245800 (用户ID: 1, 总数: 1)
2025/12/25 21:14:38 logger.go:57: [INFO] [SSEHandler] 初始连接消息已发送
2025/12/25 21:14:39 logger.go:57: [INFO] [SSEHandler] 客户端断开连接: 1_1766668478794245800
2025/12/25 21:14:39 logger.go:57: [INFO] [EventHub] 客户端断开: 1_1766668478794245800 (剩余: 0)
2025/12/25 21:14:40 logger.go:57: [INFO] [SSEHandler] 客户端已注册: 1_1766668480034444100 (用户ID: 1)
2025/12/25 21:14:40 logger.go:57: [INFO] [EventHub] 客户端连接: 1_1766668480034444100 (用户ID: 1, 总数: 1)
2025/12/25 21:14:40 logger.go:57: [INFO] [SSEHandler] 初始连接消息已发送
2025/12/25 21:14:42 logger.go:57: [INFO] [SSEHandler] 客户端断开连接: 1_1766668480034444100
2025/12/25 21:14:42 logger.go:57: [INFO] [EventHub] 客户端断开: 1_1766668480034444100 (剩余: 0)
2025/12/25 21:14:42 logger.go:57: [INFO] [CheckpointSSEHandler] 客户端已注册: 1_1766668482244247900 (用户ID: 1)
2025/12/25 21:14:42 logger.go:57: [INFO] [EventHub] 客户端连接: 1_1766668482244247900 (用户ID: 1, 总数: 1)
2025/12/25 21:14:42 logger.go:57: [INFO] [CheckpointSSEHandler] 初始连接消息已发送
2025/12/25 21:14:45 logger.go:57: [INFO] [CheckpointSSEHandler] 客户端断开连接: 1_1766668482244247900
2025/12/25 21:14:45 logger.go:57: [INFO] [EventHub] 客户端断开: 1_1766668482244247900 (剩余: 0)
2025/12/25 21:14:45 logger.go:57: [INFO] [SSEHandler] 客户端已注册: 1_1766668485364277500 (用户ID: 1)
2025/12/25 21:14:45 logger.go:57: [INFO] [EventHub] 客户端连接: 1_1766668485364277500 (用户ID: 1, 总数: 1)
2025/12/25 21:14:45 logger.go:57: [INFO] [SSEHandler] 初始连接消息已发送
2025/12/25 21:14:49 logger.go:57: [INFO] [SSEHandler] 客户端断开连接: 1_1766668485364277500
2025/12/25 21:14:49 logger.go:57: [INFO] [EventHub] 客户端断开: 1_1766668485364277500 (剩余: 0)
2025/12/25 21:14:49 logger.go:57: [INFO] [SSEHandler] 客户端已注册: 1_1766668489322604300 (用户ID: 1)
2025/12/25 21:14:49 logger.go:57: [INFO] [EventHub] 客户端连接: 1_1766668489322604300 (用户ID: 1, 总数: 1)
2025/12/25 21:14:49 logger.go:57: [INFO] [SSEHandler] 初始连接消息已发送
