2025/12/20 07:58:30 logger.go:43: [ERROR] 设备审核录像提醒定时任务已启动，每天凌晨1点执行
2025/12/20 08:00:00 logger.go:43: [ERROR] 开始执行设备审核录像提醒定时任务
2025/12/20 08:07:01 logger.go:43: [ERROR] 设备审核录像提醒定时任务已启动，每天凌晨1点执行
2025/12/20 08:16:04 logger.go:43: [ERROR] 设备审核录像提醒定时任务已启动，将根据配置执行
2025/12/20 08:16:04 logger.go:43: [ERROR] 定时任务已配置：每天 1:00，下次执行时间：2025-12-21 01:00:00，等待 16h43m55.6359961s
2025/12/20 08:16:22 logger.go:43: [ERROR] 定时配置页面-模板解析失败: template: auditvideoreminderschedule.html:243: function "seq" not defined
2025/12/20 08:17:21 logger.go:43: [ERROR] 设备审核录像提醒定时任务已启动，将根据配置执行
2025/12/20 08:17:21 logger.go:43: [ERROR] 定时任务已配置：每天 1:00，下次执行时间：2025-12-21 01:00:00，等待 16h42m38.4620461s
2025/12/20 08:18:05 logger.go:43: [ERROR] 创建录像提醒任务成功: taskID=35, earliestDate=2025-12-01, requiredDays=30, reminderDate=2025-12-31
2025/12/20 08:59:56 logger.go:43: [ERROR] 设备审核录像提醒定时任务已启动，将根据配置执行
2025/12/20 08:59:56 logger.go:43: [ERROR] 定时任务已配置：每天 1:00，下次执行时间：2025-12-21 01:00:00，等待 16h0m3.2249077s
2025/12/20 09:06:15 logger.go:43: [ERROR] 创建录像提醒任务成功: taskID=35, earliestDate=2025-12-01, requiredDays=30, reminderDate=2025-12-31
2025/12/20 09:06:55 logger.go:43: [ERROR] 标记提醒任务为已完成成功: reminderID=2, username=admin
2025/12/20 09:08:01 logger.go:43: [ERROR] 创建录像提醒任务成功: taskID=35, earliestDate=2025-10-01, requiredDays=180, reminderDate=2026-03-30
2025/12/20 09:08:11 logger.go:43: [ERROR] 标记提醒任务为已完成成功: reminderID=3, username=admin
2025/12/20 09:11:35 logger.go:43: [ERROR] 设备审核录像提醒定时任务已启动，将根据配置执行
2025/12/20 09:11:35 logger.go:43: [ERROR] 定时任务已配置：每天 10:00，下次执行时间：2025-12-20 10:00:00，等待 48m24.78913s
2025/12/20 09:12:14 logger.go:43: [ERROR] 成功解析录像天数不足信息: dateStr=2025-10-01, daysStr=180, parsedDate=2025-10-01, days=180
2025/12/20 09:12:14 logger.go:43: [ERROR] 解析到录像天数不足信息: taskID=35, earliestDate=2025-10-01, requiredDays=180
2025/12/20 09:12:14 logger.go:43: [ERROR] 创建录像提醒任务成功: taskID=35, earliestDate=2025-10-01, requiredDays=180, reminderDate=2026-03-30
2025/12/20 09:12:17 logger.go:43: [ERROR] 解析最早录像日期失败: 2025-10-01T00:00:00+08:00, 错误: parsing time "2025-10-01T00:00:00+08:00" as "2006/01/02 15:04:05": cannot parse "-10-01T00:00:00+08:00" as "/"
2025/12/20 09:12:17 logger.go:43: [ERROR] 解析提醒日期失败: 2026-03-30T00:00:00+08:00, 错误: parsing time "2026-03-30T00:00:00+08:00" as "2006/01/02 15:04:05": cannot parse "-03-30T00:00:00+08:00" as "/"
2025/12/20 09:12:17 logger.go:43: [ERROR] 解析创建时间失败: 2025-12-20T09:12:14+08:00, 错误: parsing time "2025-12-20T09:12:14+08:00": extra text: "T09:12:14+08:00"
2025/12/20 09:12:20 logger.go:43: [ERROR] 标记提醒任务为已完成成功: reminderID=4, username=admin
2025/12/20 09:12:20 logger.go:43: [ERROR] 解析最早录像日期失败: 2025-10-01T00:00:00+08:00, 错误: parsing time "2025-10-01T00:00:00+08:00" as "2006/01/02 15:04:05": cannot parse "-10-01T00:00:00+08:00" as "/"
2025/12/20 09:12:20 logger.go:43: [ERROR] 解析提醒日期失败: 2026-03-30T00:00:00+08:00, 错误: parsing time "2026-03-30T00:00:00+08:00" as "2006/01/02 15:04:05": cannot parse "-03-30T00:00:00+08:00" as "/"
2025/12/20 09:12:20 logger.go:43: [ERROR] 解析创建时间失败: 2025-12-20T09:12:14+08:00, 错误: parsing time "2025-12-20T09:12:14+08:00": extra text: "T09:12:14+08:00"
2025/12/20 09:14:38 logger.go:43: [ERROR] 设备审核录像提醒定时任务已启动，将根据配置执行
2025/12/20 09:14:38 logger.go:43: [ERROR] 定时任务已配置：每天 10:00，下次执行时间：2025-12-20 10:00:00，等待 45m21.7592009s
2025/12/20 09:15:42 logger.go:43: [ERROR] 成功解析录像天数不足信息: dateStr=2025-12-01, daysStr=30, parsedDate=2025-12-01, days=30
2025/12/20 09:15:42 logger.go:43: [ERROR] 解析到录像天数不足信息: taskID=35, earliestDate=2025-12-01, requiredDays=30
2025/12/20 09:15:42 logger.go:43: [ERROR] 创建录像提醒任务成功: taskID=35, earliestDate=2025-12-01, requiredDays=30, reminderDate=2025-12-31
2025/12/20 09:15:57 logger.go:43: [ERROR] 标记提醒任务为已完成成功: reminderID=5, username=admin
2025/12/20 09:20:14 logger.go:43: [ERROR] 设备审核录像提醒定时任务已启动，将根据配置执行
2025/12/20 09:20:14 logger.go:43: [ERROR] 定时任务已配置：每天 10:00，下次执行时间：2025-12-20 10:00:00，等待 39m45.0540679s
2025/12/20 10:56:47 logger.go:43: [ERROR] 设备审核录像提醒定时任务已启动，将根据配置执行
2025/12/20 10:56:47 logger.go:43: [ERROR] 定时任务已配置：每天 10:00，下次执行时间：2025-12-21 10:00:00，等待 23h3m12.1646069s
2025/12/20 10:59:13 logger.go:43: [ERROR] 设备审核录像提醒定时任务已启动，将根据配置执行
2025/12/20 10:59:13 logger.go:43: [ERROR] 定时任务已配置：每天 10:00，下次执行时间：2025-12-21 10:00:00，等待 23h0m46.0221918s
2025/12/20 11:02:19 logger.go:43: [ERROR] 设备审核录像提醒定时任务已启动，将根据配置执行
2025/12/20 11:02:19 logger.go:43: [ERROR] 定时任务已配置：每天 10:00，下次执行时间：2025-12-21 10:00:00，等待 22h57m40.3556072s
2025/12/20 11:02:53 logger.go:43: [ERROR] 审核进度-导入失败，第2行数据错误: Error 1406 (22001): Data too long for column 'device_code' at row 1, 文件名: 卡口设备档案（三角）(已编码).xlsx
2025/12/20 11:04:42 logger.go:43: [ERROR] 设备审核录像提醒定时任务已启动，将根据配置执行
2025/12/20 11:04:42 logger.go:43: [ERROR] 定时任务已配置：每天 10:00，下次执行时间：2025-12-21 10:00:00，等待 22h55m17.1575674s
2025/12/20 11:06:41 logger.go:43: [ERROR] 设备审核录像提醒定时任务已启动，将根据配置执行
2025/12/20 11:06:41 logger.go:43: [ERROR] 定时任务已配置：每天 10:00，下次执行时间：2025-12-21 10:00:00，等待 22h53m18.6656131s
2025/12/20 11:09:04 logger.go:43: [ERROR] 设备审核录像提醒定时任务已启动，将根据配置执行
2025/12/20 11:09:04 logger.go:43: [ERROR] 定时任务已配置：每天 10:00，下次执行时间：2025-12-21 10:00:00，等待 22h50m55.0847716s
2025/12/20 11:16:00 logger.go:43: [ERROR] 设备审核录像提醒定时任务已启动，将根据配置执行
2025/12/20 11:16:00 logger.go:43: [ERROR] 定时任务已配置：每天 10:00，下次执行时间：2025-12-21 10:00:00，等待 22h43m59.3470345s
2025/12/20 11:21:11 logger.go:43: [ERROR] 设备审核录像提醒定时任务已启动，将根据配置执行
2025/12/20 11:21:11 logger.go:43: [ERROR] 定时任务已配置：每天 10:00，下次执行时间：2025-12-21 10:00:00，等待 22h38m48.0781199s
2025/12/20 11:25:59 logger.go:43: [ERROR] 设备审核录像提醒定时任务已启动，将根据配置执行
2025/12/20 11:25:59 logger.go:43: [ERROR] 定时任务已配置：每天 10:00，下次执行时间：2025-12-21 10:00:00，等待 22h34m0.0645975s
2025/12/20 11:29:50 logger.go:43: [ERROR] 批量删除录像提醒任务成功: 共 1 条, IDs: [5]
2025/12/20 11:29:59 logger.go:43: [ERROR] 成功解析录像天数不足信息: dateStr=2025-12-01, daysStr=30, parsedDate=2025-12-01, days=30
2025/12/20 11:29:59 logger.go:43: [ERROR] 解析到录像天数不足信息: taskID=35, earliestDate=2025-12-01, requiredDays=30
2025/12/20 11:29:59 logger.go:43: [ERROR] 创建录像提醒任务成功: taskID=35, earliestDate=2025-12-01, requiredDays=30, reminderDate=2025-12-31
2025/12/20 11:30:13 logger.go:43: [ERROR] 批量删除录像提醒任务成功: 共 1 条, IDs: [6]
2025/12/20 11:30:21 logger.go:43: [ERROR] 成功解析录像天数不足信息: dateStr=2025-12-02, daysStr=30, parsedDate=2025-12-02, days=30
2025/12/20 11:30:21 logger.go:43: [ERROR] 解析到录像天数不足信息: taskID=35, earliestDate=2025-12-02, requiredDays=30
2025/12/20 11:30:21 logger.go:43: [ERROR] 创建录像提醒任务成功: taskID=35, earliestDate=2025-12-02, requiredDays=30, reminderDate=2026-01-01
2025/12/20 11:30:32 logger.go:43: [ERROR] 批量删除录像提醒任务成功: 共 1 条, IDs: [7]
2025/12/20 11:41:58 logger.go:43: [ERROR] 设备审核录像提醒定时任务已启动，将根据配置执行
2025/12/20 11:41:58 logger.go:43: [ERROR] 定时任务已配置：每天 10:00，下次执行时间：2025-12-21 10:00:00，等待 22h18m1.4273542s
2025/12/20 11:50:34 logger.go:43: [ERROR] 设备审核录像提醒定时任务已启动，将根据配置执行
2025/12/20 11:50:34 logger.go:43: [ERROR] 定时任务已配置：每天 10:00，下次执行时间：2025-12-21 10:00:00，等待 22h9m25.9045517s
2025/12/20 11:55:37 logger.go:43: [ERROR] 设备审核录像提醒定时任务已启动，将根据配置执行
2025/12/20 11:55:37 logger.go:43: [ERROR] 定时任务已配置：每天 10:00，下次执行时间：2025-12-21 10:00:00，等待 22h4m22.1360127s
2025/12/20 11:56:44 logger.go:43: [ERROR] 未找到日期或天数: dateStr=, daysStr=, comment=第三次审核意见
2025/12/20 12:00:17 logger.go:43: [ERROR] 设备审核录像提醒定时任务已启动，将根据配置执行
2025/12/20 12:00:17 logger.go:43: [ERROR] 定时任务已配置：每天 10:00，下次执行时间：2025-12-21 10:00:00，等待 21h59m42.3329369s
2025/12/20 12:01:57 logger.go:43: [ERROR] 设备审核录像提醒定时任务已启动，将根据配置执行
2025/12/20 12:01:57 logger.go:43: [ERROR] 定时任务已配置：每天 10:00，下次执行时间：2025-12-21 10:00:00，等待 21h58m2.9978533s
2025/12/20 12:18:24 logger.go:43: [ERROR] 设备审核录像提醒定时任务已启动，将根据配置执行
2025/12/20 12:18:24 logger.go:43: [ERROR] 定时任务已配置：每天 10:00，下次执行时间：2025-12-21 10:00:00，等待 21h41m35.2306294s
2025/12/20 12:50:29 logger.go:43: [ERROR] 设备审核录像提醒定时任务已启动，将根据配置执行
2025/12/20 12:50:29 logger.go:43: [ERROR] 定时任务已配置：每天 10:00，下次执行时间：2025-12-21 10:00:00，等待 21h9m30.984522s
2025/12/20 12:55:30 logger.go:43: [ERROR] 成功解析录像天数不足信息: dateStr=2025-12-01, daysStr=30, parsedDate=2025-12-01, days=30
2025/12/20 12:55:30 logger.go:43: [ERROR] 解析到录像天数不足信息: taskID=46, earliestDate=2025-12-01, requiredDays=30
2025/12/20 12:55:30 logger.go:43: [ERROR] 创建录像提醒任务成功: taskID=46, earliestDate=2025-12-01, requiredDays=30, reminderDate=2025-12-31
2025/12/20 12:58:03 logger.go:43: [ERROR] 成功解析录像天数不足信息: dateStr=2025-12-01, daysStr=30, parsedDate=2025-12-01, days=30
2025/12/20 12:58:03 logger.go:43: [ERROR] 解析到录像天数不足信息: taskID=46, earliestDate=2025-12-01, requiredDays=30
2025/12/20 12:58:03 logger.go:43: [ERROR] 录像提醒任务已存在，跳过创建: taskID=46, earliestDate=2025-12-01, requiredDays=30
2025/12/20 12:58:18 logger.go:43: [ERROR] 成功解析录像天数不足信息: dateStr=2025-12-01, daysStr=30, parsedDate=2025-12-01, days=30
2025/12/20 12:58:18 logger.go:43: [ERROR] 解析到录像天数不足信息: taskID=46, earliestDate=2025-12-01, requiredDays=30
2025/12/20 12:58:18 logger.go:43: [ERROR] 录像提醒任务已存在，跳过创建: taskID=46, earliestDate=2025-12-01, requiredDays=30
2025/12/20 13:10:31 logger.go:43: [ERROR] 设备审核录像提醒定时任务已启动，将根据配置执行
2025/12/20 13:10:31 logger.go:43: [ERROR] 定时任务已配置：每天 10:00，下次执行时间：2025-12-21 10:00:00，等待 20h49m28.4595065s
2025/12/20 13:14:37 logger.go:43: [ERROR] 设备审核录像提醒定时任务已启动，将根据配置执行
2025/12/20 13:14:37 logger.go:43: [ERROR] 定时任务已配置：每天 10:00，下次执行时间：2025-12-21 10:00:00，等待 20h45m22.970504s
2025/12/20 13:15:20 logger.go:43: [ERROR] 设备审核录像提醒定时任务已启动，将根据配置执行
2025/12/20 13:15:20 logger.go:43: [ERROR] 定时任务已配置：每天 10:00，下次执行时间：2025-12-21 10:00:00，等待 20h44m39.3161628s
2025/12/20 13:16:07 logger.go:43: [ERROR] 审核进度-导入失败，第8行数据违反唯一约束: device_code=44202102001320000013, 文件名: 三乡分局一机一档-1.xlsx
2025/12/20 13:17:54 logger.go:43: [ERROR] 卡口审核进度-导入失败，第5行数据违反唯一约束: checkpoint_code=442016100510700112, 文件名: 三角卡口档案 - 副本.xlsx
2025/12/20 14:59:16 logger.go:43: [ERROR] 设备审核录像提醒定时任务已启动，将根据配置执行
2025/12/20 14:59:16 logger.go:43: [ERROR] 定时任务已配置：每天 10:00，下次执行时间：2025-12-21 10:00:00，等待 19h0m43.0849467s
2025/12/20 14:59:32 logger.go:43: [ERROR] 许可验证-读取许可文件失败: 许可文件不存在: config/license.json
2025/12/20 14:59:32 logger.go:43: [ERROR] 登录-许可验证失败: 系统错误，请联系管理员, 用户名: admin
2025/12/20 15:18:19 logger.go:43: [ERROR] 设备审核录像提醒定时任务已启动，将根据配置执行
2025/12/20 15:18:19 logger.go:43: [ERROR] 定时任务已配置：每天 10:00，下次执行时间：2025-12-21 10:00:00，等待 18h41m40.89245s
2025/12/20 15:18:47 logger.go:43: [ERROR] 许可验证-读取许可文件失败: 解密许可文件失败: Base64解码失败: illegal base64 data at input byte 0
2025/12/20 15:18:47 logger.go:43: [ERROR] 登录-许可验证失败: 系统错误，请联系管理员, 用户名: admin
2025/12/20 15:20:11 logger.go:43: [ERROR] 设备审核录像提醒定时任务已启动，将根据配置执行
2025/12/20 15:20:11 logger.go:43: [ERROR] 定时任务已配置：每天 10:00，下次执行时间：2025-12-21 10:00:00，等待 18h39m48.5112042s
2025/12/20 15:20:20 logger.go:43: [ERROR] 许可验证-MAC地址不匹配: 许可MAC=E8:B0:C5:C9:47:D5, 服务器MAC=0A:00:27:00:00:0A
2025/12/20 15:20:20 logger.go:43: [ERROR] 登录-许可验证失败: 系统错误，请联系管理员, 用户名: admin
2025/12/20 15:20:24 logger.go:43: [ERROR] 许可验证-MAC地址不匹配: 许可MAC=E8:B0:C5:C9:47:D5, 服务器MAC=0A:00:27:00:00:0A
2025/12/20 15:20:24 logger.go:43: [ERROR] 登录-许可验证失败: 系统错误，请联系管理员, 用户名: admin
2025/12/20 15:21:50 logger.go:43: [ERROR] 设备审核录像提醒定时任务已启动，将根据配置执行
2025/12/20 15:21:50 logger.go:43: [ERROR] 定时任务已配置：每天 10:00，下次执行时间：2025-12-21 10:00:00，等待 18h38m9.900148s
2025/12/20 19:15:03 logger.go:43: [ERROR] 设备审核录像提醒定时任务已启动，将根据配置执行
2025/12/20 19:15:03 logger.go:43: [ERROR] 定时任务已配置：每天 10:00，下次执行时间：2025-12-21 10:00:00，等待 14h44m56.2059584s
