2025/12/14 22:11:01 logger.go:43: [ERROR] ========== 统计信息查询开始 ==========
2025/12/14 22:11:01 logger.go:43: [ERROR] 统计信息查询-URL: /stats
2025/12/14 22:11:01 logger.go:43: [ERROR] 统计信息查询-RawQuery: 
2025/12/14 22:11:01 logger.go:43: [ERROR] 统计信息查询-从Query获取: start_date=, end_date=, audit_status=
2025/12/14 22:11:01 logger.go:43: [ERROR] 统计信息查询-日期参数为空，不应用日期筛选
2025/12/14 22:11:01 logger.go:43: [ERROR] 统计信息查询-最终参数: startDate=0001-01-01 00:00:00 +0000 UTC, endDate=0001-01-01 00:00:00 +0000 UTC, auditStatus=, hasDateFilter=false
2025/12/14 22:11:01 logger.go:43: [ERROR] getStatisticsByDateRange-接收参数: startTime=0001-01-01 00:00:00 +0000 UTC, endTime=0001-01-01 00:00:00 +0000 UTC, auditStatus=, hasDateFilter=false
2025/12/14 22:11:01 logger.go:43: [ERROR] getStatisticsByDateRange-不添加日期筛选: hasDateFilter=false, startTime.IsZero=true, endTime.IsZero=true
2025/12/14 22:11:01 logger.go:43: [ERROR] getStatisticsByDateRange-不添加建档状态筛选: auditStatus为空
2025/12/14 22:11:01 logger.go:43: [ERROR] getStatisticsByDateRange-最终SQL: 
		SELECT 
			management_unit,
			monitor_point_type,
			COUNT(*) as count
		FROM audit_details
		WHERE 1=1
	 GROUP BY management_unit, monitor_point_type ORDER BY management_unit, monitor_point_type
2025/12/14 22:11:01 logger.go:43: [ERROR] getStatisticsByDateRange-最终args: []
2025/12/14 22:11:01 logger.go:43: [ERROR] 统计信息查询-查询结果: stats数量=1, summary.TotalCount=10
2025/12/14 22:11:01 logger.go:43: [ERROR] ========== 统计信息查询结束 ==========
2025/12/14 22:11:06 logger.go:43: [ERROR] ========== 统计信息查询开始 ==========
2025/12/14 22:11:06 logger.go:43: [ERROR] 统计信息查询-URL: /stats?start_date=2025-12-08&end_date=2025-12-14
2025/12/14 22:11:06 logger.go:43: [ERROR] 统计信息查询-RawQuery: start_date=2025-12-08&end_date=2025-12-14
2025/12/14 22:11:06 logger.go:43: [ERROR] 统计信息查询-从Query获取: start_date=2025-12-08, end_date=2025-12-14, audit_status=
2025/12/14 22:11:06 logger.go:43: [ERROR] 统计信息查询-日期解析成功: startDate=2025-12-08, endDate=2025-12-14 23:59:59, hasDateFilter=true
2025/12/14 22:11:06 logger.go:43: [ERROR] 统计信息查询-最终参数: startDate=2025-12-08 00:00:00 +0000 UTC, endDate=2025-12-14 23:59:59 +0000 UTC, auditStatus=, hasDateFilter=true
2025/12/14 22:11:06 logger.go:43: [ERROR] getStatisticsByDateRange-接收参数: startTime=2025-12-08 00:00:00 +0000 UTC, endTime=2025-12-14 23:59:59 +0000 UTC, auditStatus=, hasDateFilter=true
2025/12/14 22:11:06 logger.go:43: [ERROR] getStatisticsByDateRange-添加日期筛选: startDate=2025-12-08, endDate=2025-12-14
2025/12/14 22:11:06 logger.go:43: [ERROR] getStatisticsByDateRange-不添加建档状态筛选: auditStatus为空
2025/12/14 22:11:06 logger.go:43: [ERROR] getStatisticsByDateRange-最终SQL: 
		SELECT 
			management_unit,
			monitor_point_type,
			COUNT(*) as count
		FROM audit_details
		WHERE 1=1
	 AND DATE(update_time) >= ? AND DATE(update_time) <= ? GROUP BY management_unit, monitor_point_type ORDER BY management_unit, monitor_point_type
2025/12/14 22:11:06 logger.go:43: [ERROR] getStatisticsByDateRange-最终args: [2025-12-08 2025-12-14]
2025/12/14 22:11:06 logger.go:43: [ERROR] 统计信息查询-查询结果: stats数量=1, summary.TotalCount=10
2025/12/14 22:11:06 logger.go:43: [ERROR] ========== 统计信息查询结束 ==========
2025/12/14 22:11:07 logger.go:43: [ERROR] ========== 统计信息查询开始 ==========
2025/12/14 22:11:07 logger.go:43: [ERROR] 统计信息查询-URL: /stats?start_date=2025-12-08&end_date=2025-12-14&audit_status=
2025/12/14 22:11:07 logger.go:43: [ERROR] 统计信息查询-RawQuery: start_date=2025-12-08&end_date=2025-12-14&audit_status=
2025/12/14 22:11:07 logger.go:43: [ERROR] 统计信息查询-从Query获取: start_date=2025-12-08, end_date=2025-12-14, audit_status=
2025/12/14 22:11:07 logger.go:43: [ERROR] 统计信息查询-日期解析成功: startDate=2025-12-08, endDate=2025-12-14 23:59:59, hasDateFilter=true
2025/12/14 22:11:07 logger.go:43: [ERROR] 统计信息查询-最终参数: startDate=2025-12-08 00:00:00 +0000 UTC, endDate=2025-12-14 23:59:59 +0000 UTC, auditStatus=, hasDateFilter=true
2025/12/14 22:11:07 logger.go:43: [ERROR] getStatisticsByDateRange-接收参数: startTime=2025-12-08 00:00:00 +0000 UTC, endTime=2025-12-14 23:59:59 +0000 UTC, auditStatus=, hasDateFilter=true
2025/12/14 22:11:07 logger.go:43: [ERROR] getStatisticsByDateRange-添加日期筛选: startDate=2025-12-08, endDate=2025-12-14
2025/12/14 22:11:07 logger.go:43: [ERROR] getStatisticsByDateRange-不添加建档状态筛选: auditStatus为空
2025/12/14 22:11:07 logger.go:43: [ERROR] getStatisticsByDateRange-最终SQL: 
		SELECT 
			management_unit,
			monitor_point_type,
			COUNT(*) as count
		FROM audit_details
		WHERE 1=1
	 AND DATE(update_time) >= ? AND DATE(update_time) <= ? GROUP BY management_unit, monitor_point_type ORDER BY management_unit, monitor_point_type
2025/12/14 22:11:07 logger.go:43: [ERROR] getStatisticsByDateRange-最终args: [2025-12-08 2025-12-14]
2025/12/14 22:11:07 logger.go:43: [ERROR] 统计信息查询-查询结果: stats数量=1, summary.TotalCount=10
2025/12/14 22:11:07 logger.go:43: [ERROR] ========== 统计信息查询结束 ==========
2025/12/14 22:11:12 logger.go:43: [ERROR] ========== 统计信息查询开始 ==========
2025/12/14 22:11:12 logger.go:43: [ERROR] 统计信息查询-URL: /stats?start_date=2025-12-08&end_date=2025-12-14&audit_status=2
2025/12/14 22:11:12 logger.go:43: [ERROR] 统计信息查询-RawQuery: start_date=2025-12-08&end_date=2025-12-14&audit_status=2
2025/12/14 22:11:12 logger.go:43: [ERROR] 统计信息查询-从Query获取: start_date=2025-12-08, end_date=2025-12-14, audit_status=2
2025/12/14 22:11:12 logger.go:43: [ERROR] 统计信息查询-日期解析成功: startDate=2025-12-08, endDate=2025-12-14 23:59:59, hasDateFilter=true
2025/12/14 22:11:12 logger.go:43: [ERROR] 统计信息查询-最终参数: startDate=2025-12-08 00:00:00 +0000 UTC, endDate=2025-12-14 23:59:59 +0000 UTC, auditStatus=2, hasDateFilter=true
2025/12/14 22:11:12 logger.go:43: [ERROR] getStatisticsByDateRange-接收参数: startTime=2025-12-08 00:00:00 +0000 UTC, endTime=2025-12-14 23:59:59 +0000 UTC, auditStatus=2, hasDateFilter=true
2025/12/14 22:11:12 logger.go:43: [ERROR] getStatisticsByDateRange-添加日期筛选: startDate=2025-12-08, endDate=2025-12-14
2025/12/14 22:11:12 logger.go:43: [ERROR] getStatisticsByDateRange-添加建档状态筛选: audit_status=2
2025/12/14 22:11:12 logger.go:43: [ERROR] getStatisticsByDateRange-最终SQL: 
		SELECT 
			management_unit,
			monitor_point_type,
			COUNT(*) as count
		FROM audit_details
		WHERE 1=1
	 AND DATE(update_time) >= ? AND DATE(update_time) <= ? AND audit_status = ? GROUP BY management_unit, monitor_point_type ORDER BY management_unit, monitor_point_type
2025/12/14 22:11:12 logger.go:43: [ERROR] getStatisticsByDateRange-最终args: [2025-12-08 2025-12-14 2]
2025/12/14 22:11:12 logger.go:43: [ERROR] 统计信息查询-查询结果: stats数量=1, summary.TotalCount=5
2025/12/14 22:11:12 logger.go:43: [ERROR] ========== 统计信息查询结束 ==========
2025/12/14 22:11:13 logger.go:43: [ERROR] ========== 统计信息导出开始 ==========
2025/12/14 22:11:13 logger.go:43: [ERROR] 统计信息导出-URL: /stats/export?start_date%3d2025-12-08%26end_date%3d2025-12-14%26audit_status%3d2
2025/12/14 22:11:13 logger.go:43: [ERROR] 统计信息导出-RawQuery: start_date%3d2025-12-08%26end_date%3d2025-12-14%26audit_status%3d2
2025/12/14 22:11:13 logger.go:43: [ERROR] 统计信息导出-从Query获取: start_date=, end_date=, audit_status=
2025/12/14 22:11:13 logger.go:43: [ERROR] 统计信息导出-检测到参数缺失，从RawQuery解析: RawQuery=start_date%3d2025-12-08%26end_date%3d2025-12-14%26audit_status%3d2
2025/12/14 22:11:13 logger.go:43: [ERROR] 统计信息导出-处理后的RawQuery: start_date=2025-12-08%26end_date=2025-12-14%26audit_status=2
2025/12/14 22:11:13 logger.go:43: [ERROR] 统计信息导出-RawQuery分割后parts数量: 1
2025/12/14 22:11:13 logger.go:43: [ERROR] 统计信息导出-parts[0]: start_date=2025-12-08%26end_date=2025-12-14%26audit_status=2
2025/12/14 22:11:13 logger.go:43: [ERROR] 统计信息导出-解析参数: key=start_date, value=2025-12-08%26end_date=2025-12-14%26audit_status=2
2025/12/14 22:11:13 logger.go:43: [ERROR] 统计信息导出-从RawQuery填充start_date: 2025-12-08%26end_date=2025-12-14%26audit_status=2
2025/12/14 22:11:13 logger.go:43: [ERROR] 统计信息导出-解析后参数: start_date=2025-12-08%26end_date=2025-12-14%26audit_status=2, end_date=, audit_status=
2025/12/14 22:11:13 logger.go:43: [ERROR] 统计信息导出-日期参数为空，不应用日期筛选
2025/12/14 22:11:13 logger.go:43: [ERROR] 统计信息导出-最终参数: startDate=0001-01-01 00:00:00 +0000 UTC, endDate=0001-01-01 00:00:00 +0000 UTC, auditStatus=, hasDateFilter=false
2025/12/14 22:11:13 logger.go:43: [ERROR] getStatisticsByDateRange-接收参数: startTime=0001-01-01 00:00:00 +0000 UTC, endTime=0001-01-01 00:00:00 +0000 UTC, auditStatus=, hasDateFilter=false
2025/12/14 22:11:13 logger.go:43: [ERROR] getStatisticsByDateRange-不添加日期筛选: hasDateFilter=false, startTime.IsZero=true, endTime.IsZero=true
2025/12/14 22:11:13 logger.go:43: [ERROR] getStatisticsByDateRange-不添加建档状态筛选: auditStatus为空
2025/12/14 22:11:13 logger.go:43: [ERROR] getStatisticsByDateRange-最终SQL: 
		SELECT 
			management_unit,
			monitor_point_type,
			COUNT(*) as count
		FROM audit_details
		WHERE 1=1
	 GROUP BY management_unit, monitor_point_type ORDER BY management_unit, monitor_point_type
2025/12/14 22:11:13 logger.go:43: [ERROR] getStatisticsByDateRange-最终args: []
2025/12/14 22:11:13 logger.go:43: [ERROR] 统计信息导出-查询结果: stats数量=1, summary.TotalCount=10
2025/12/14 22:11:13 logger.go:43: [ERROR] ========== 统计信息导出结束 ==========
2025/12/14 22:11:30 logger.go:43: [ERROR] ========== 月度建档数据查询开始 ==========
2025/12/14 22:11:30 logger.go:43: [ERROR] 月度建档数据查询-URL: /audit/statistics
2025/12/14 22:11:30 logger.go:43: [ERROR] 月度建档数据查询-RawQuery: 
2025/12/14 22:11:30 logger.go:43: [ERROR] 月度建档数据查询-从Query获取: month=, audit_status=
2025/12/14 22:11:30 logger.go:43: [ERROR] 月度建档数据查询-月份参数为空，不添加月份筛选
2025/12/14 22:11:30 logger.go:43: [ERROR] 月度建档数据查询-建档状态参数为空，不添加建档状态筛选
2025/12/14 22:11:30 logger.go:43: [ERROR] 月度建档数据查询-最终whereSQL:  WHERE 1=1
2025/12/14 22:11:30 logger.go:43: [ERROR] 月度建档数据查询-最终args: []
2025/12/14 22:11:30 logger.go:43: [ERROR] getStatistics-接收参数: whereSQL= WHERE 1=1, args=[]
2025/12/14 22:11:30 logger.go:43: [ERROR] 月度建档数据查询-查询结果: stats数量=2, summary.GrandTotal=28
2025/12/14 22:11:30 logger.go:43: [ERROR] ========== 月度建档数据查询结束 ==========
2025/12/14 22:11:34 logger.go:43: [ERROR] ========== 月度建档数据查询开始 ==========
2025/12/14 22:11:34 logger.go:43: [ERROR] 月度建档数据查询-URL: /audit/statistics?month=2025-12&audit_status=2
2025/12/14 22:11:34 logger.go:43: [ERROR] 月度建档数据查询-RawQuery: month=2025-12&audit_status=2
2025/12/14 22:11:34 logger.go:43: [ERROR] 月度建档数据查询-从Query获取: month=2025-12, audit_status=2
2025/12/14 22:11:34 logger.go:43: [ERROR] 月度建档数据查询-添加月份筛选: year=2025, month=12
2025/12/14 22:11:34 logger.go:43: [ERROR] 月度建档数据查询-添加建档状态筛选: audit_status=2
2025/12/14 22:11:34 logger.go:43: [ERROR] 月度建档数据查询-最终whereSQL:  WHERE 1=1 AND YEAR(update_time) = ? AND MONTH(update_time) = ? AND audit_status = ?
2025/12/14 22:11:34 logger.go:43: [ERROR] 月度建档数据查询-最终args: [2025 12 2]
2025/12/14 22:11:34 logger.go:43: [ERROR] getStatistics-接收参数: whereSQL= WHERE 1=1 AND YEAR(update_time) = ? AND MONTH(update_time) = ? AND audit_status = ?, args=[2025 12 2]
2025/12/14 22:11:34 logger.go:43: [ERROR] 月度建档数据查询-查询结果: stats数量=2, summary.GrandTotal=14
2025/12/14 22:11:34 logger.go:43: [ERROR] ========== 月度建档数据查询结束 ==========
2025/12/14 22:11:36 logger.go:43: [ERROR] ========== 月度建档数据导出开始 ==========
2025/12/14 22:11:36 logger.go:43: [ERROR] 月度建档数据导出-URL: /audit/statistics/export?month%3d2025-12%26audit_status%3d2
2025/12/14 22:11:36 logger.go:43: [ERROR] 月度建档数据导出-RawQuery: month%3d2025-12%26audit_status%3d2
2025/12/14 22:11:36 logger.go:43: [ERROR] 月度建档数据导出-从Query获取: month=, audit_status=
2025/12/14 22:11:36 logger.go:43: [ERROR] 月度建档数据导出-检测到参数缺失，从RawQuery解析: RawQuery=month%3d2025-12%26audit_status%3d2
2025/12/14 22:11:36 logger.go:43: [ERROR] 月度建档数据导出-处理后的RawQuery: month=2025-12%26audit_status=2
2025/12/14 22:11:36 logger.go:43: [ERROR] 月度建档数据导出-RawQuery分割后parts数量: 1
2025/12/14 22:11:36 logger.go:43: [ERROR] 月度建档数据导出-parts[0]: month=2025-12%26audit_status=2
2025/12/14 22:11:36 logger.go:43: [ERROR] 月度建档数据导出-解析参数: key=month, value=2025-12%26audit_status=2
2025/12/14 22:11:36 logger.go:43: [ERROR] 月度建档数据导出-从RawQuery填充month: 2025-12%26audit_status=2
2025/12/14 22:11:36 logger.go:43: [ERROR] 月度建档数据导出-解析后参数: month=2025-12%26audit_status=2, audit_status=
2025/12/14 22:11:36 logger.go:43: [ERROR] 月度建档数据导出-月份格式错误: month=2025-12%26audit_status=2, err=parsing time "2025-12%26audit_status=2": extra text: "%26audit_status=2"
2025/12/14 22:11:36 logger.go:43: [ERROR] 月度建档数据导出-建档状态参数为空，不添加建档状态筛选
2025/12/14 22:11:36 logger.go:43: [ERROR] 月度建档数据导出-最终whereSQL:  WHERE 1=1
2025/12/14 22:11:36 logger.go:43: [ERROR] 月度建档数据导出-最终args: []
2025/12/14 22:11:36 logger.go:43: [ERROR] getStatistics-接收参数: whereSQL= WHERE 1=1, args=[]
2025/12/14 22:11:36 logger.go:43: [ERROR] 月度建档数据导出-查询结果: stats数量=2, summary.GrandTotal=28
2025/12/14 22:11:36 logger.go:43: [ERROR] ========== 月度建档数据导出结束 ==========
2025/12/14 22:14:32 logger.go:43: [ERROR] ========== 统计信息查询开始 ==========
2025/12/14 22:14:32 logger.go:43: [ERROR] 统计信息查询-URL: /stats
2025/12/14 22:14:32 logger.go:43: [ERROR] 统计信息查询-RawQuery: 
2025/12/14 22:14:32 logger.go:43: [ERROR] 统计信息查询-从Query获取: start_date=, end_date=, audit_status=
2025/12/14 22:14:32 logger.go:43: [ERROR] 统计信息查询-日期参数为空，不应用日期筛选
2025/12/14 22:14:32 logger.go:43: [ERROR] 统计信息查询-最终参数: startDate=0001-01-01 00:00:00 +0000 UTC, endDate=0001-01-01 00:00:00 +0000 UTC, auditStatus=, hasDateFilter=false
2025/12/14 22:14:32 logger.go:43: [ERROR] getStatisticsByDateRange-接收参数: startTime=0001-01-01 00:00:00 +0000 UTC, endTime=0001-01-01 00:00:00 +0000 UTC, auditStatus=, hasDateFilter=false
2025/12/14 22:14:32 logger.go:43: [ERROR] getStatisticsByDateRange-不添加日期筛选: hasDateFilter=false, startTime.IsZero=true, endTime.IsZero=true
2025/12/14 22:14:32 logger.go:43: [ERROR] getStatisticsByDateRange-不添加建档状态筛选: auditStatus为空
2025/12/14 22:14:32 logger.go:43: [ERROR] getStatisticsByDateRange-最终SQL: 
		SELECT 
			management_unit,
			monitor_point_type,
			COUNT(*) as count
		FROM audit_details
		WHERE 1=1
	 GROUP BY management_unit, monitor_point_type ORDER BY management_unit, monitor_point_type
2025/12/14 22:14:32 logger.go:43: [ERROR] getStatisticsByDateRange-最终args: []
2025/12/14 22:14:32 logger.go:43: [ERROR] 统计信息查询-查询结果: stats数量=1, summary.TotalCount=10
2025/12/14 22:14:32 logger.go:43: [ERROR] ========== 统计信息查询结束 ==========
2025/12/14 22:14:34 logger.go:43: [ERROR] ========== 统计信息查询开始 ==========
2025/12/14 22:14:34 logger.go:43: [ERROR] 统计信息查询-URL: /stats?start_date=&end_date=&audit_status=
2025/12/14 22:14:34 logger.go:43: [ERROR] 统计信息查询-RawQuery: start_date=&end_date=&audit_status=
2025/12/14 22:14:34 logger.go:43: [ERROR] 统计信息查询-从Query获取: start_date=, end_date=, audit_status=
2025/12/14 22:14:34 logger.go:43: [ERROR] 统计信息查询-日期参数为空，不应用日期筛选
2025/12/14 22:14:34 logger.go:43: [ERROR] 统计信息查询-最终参数: startDate=0001-01-01 00:00:00 +0000 UTC, endDate=0001-01-01 00:00:00 +0000 UTC, auditStatus=, hasDateFilter=false
2025/12/14 22:14:34 logger.go:43: [ERROR] getStatisticsByDateRange-接收参数: startTime=0001-01-01 00:00:00 +0000 UTC, endTime=0001-01-01 00:00:00 +0000 UTC, auditStatus=, hasDateFilter=false
2025/12/14 22:14:34 logger.go:43: [ERROR] getStatisticsByDateRange-不添加日期筛选: hasDateFilter=false, startTime.IsZero=true, endTime.IsZero=true
2025/12/14 22:14:34 logger.go:43: [ERROR] getStatisticsByDateRange-不添加建档状态筛选: auditStatus为空
2025/12/14 22:14:34 logger.go:43: [ERROR] getStatisticsByDateRange-最终SQL: 
		SELECT 
			management_unit,
			monitor_point_type,
			COUNT(*) as count
		FROM audit_details
		WHERE 1=1
	 GROUP BY management_unit, monitor_point_type ORDER BY management_unit, monitor_point_type
2025/12/14 22:14:34 logger.go:43: [ERROR] getStatisticsByDateRange-最终args: []
2025/12/14 22:14:34 logger.go:43: [ERROR] 统计信息查询-查询结果: stats数量=1, summary.TotalCount=10
2025/12/14 22:14:34 logger.go:43: [ERROR] ========== 统计信息查询结束 ==========
2025/12/14 22:14:36 logger.go:43: [ERROR] ========== 统计信息查询开始 ==========
2025/12/14 22:14:36 logger.go:43: [ERROR] 统计信息查询-URL: /stats?start_date=&end_date=&audit_status=2
2025/12/14 22:14:36 logger.go:43: [ERROR] 统计信息查询-RawQuery: start_date=&end_date=&audit_status=2
2025/12/14 22:14:36 logger.go:43: [ERROR] 统计信息查询-从Query获取: start_date=, end_date=, audit_status=2
2025/12/14 22:14:36 logger.go:43: [ERROR] 统计信息查询-日期参数为空，不应用日期筛选
2025/12/14 22:14:36 logger.go:43: [ERROR] 统计信息查询-最终参数: startDate=0001-01-01 00:00:00 +0000 UTC, endDate=0001-01-01 00:00:00 +0000 UTC, auditStatus=2, hasDateFilter=false
2025/12/14 22:14:36 logger.go:43: [ERROR] getStatisticsByDateRange-接收参数: startTime=0001-01-01 00:00:00 +0000 UTC, endTime=0001-01-01 00:00:00 +0000 UTC, auditStatus=2, hasDateFilter=false
2025/12/14 22:14:36 logger.go:43: [ERROR] getStatisticsByDateRange-不添加日期筛选: hasDateFilter=false, startTime.IsZero=true, endTime.IsZero=true
2025/12/14 22:14:36 logger.go:43: [ERROR] getStatisticsByDateRange-添加建档状态筛选: audit_status=2
2025/12/14 22:14:36 logger.go:43: [ERROR] getStatisticsByDateRange-最终SQL: 
		SELECT 
			management_unit,
			monitor_point_type,
			COUNT(*) as count
		FROM audit_details
		WHERE 1=1
	 AND audit_status = ? GROUP BY management_unit, monitor_point_type ORDER BY management_unit, monitor_point_type
2025/12/14 22:14:36 logger.go:43: [ERROR] getStatisticsByDateRange-最终args: [2]
2025/12/14 22:14:36 logger.go:43: [ERROR] 统计信息查询-查询结果: stats数量=1, summary.TotalCount=5
2025/12/14 22:14:36 logger.go:43: [ERROR] ========== 统计信息查询结束 ==========
2025/12/14 22:14:38 logger.go:43: [ERROR] ========== 统计信息导出开始 ==========
2025/12/14 22:14:38 logger.go:43: [ERROR] 统计信息导出-URL: /stats/export?audit_status%3d2
2025/12/14 22:14:38 logger.go:43: [ERROR] 统计信息导出-RawQuery: audit_status%3d2
2025/12/14 22:14:38 logger.go:43: [ERROR] 统计信息导出-从Query获取: start_date=, end_date=, audit_status=
2025/12/14 22:14:38 logger.go:43: [ERROR] 统计信息导出-检测到参数缺失，从RawQuery解析: RawQuery=audit_status%3d2
2025/12/14 22:14:38 logger.go:43: [ERROR] 统计信息导出-解码后的RawQuery: audit_status=2
2025/12/14 22:14:38 logger.go:43: [ERROR] 统计信息导出-RawQuery分割后parts数量: 1
2025/12/14 22:14:38 logger.go:43: [ERROR] 统计信息导出-parts[0]: audit_status=2
2025/12/14 22:14:38 logger.go:43: [ERROR] 统计信息导出-解析参数: key=audit_status, value=2
2025/12/14 22:14:38 logger.go:43: [ERROR] 统计信息导出-从RawQuery填充audit_status: 2
2025/12/14 22:14:38 logger.go:43: [ERROR] 统计信息导出-解析后参数: start_date=, end_date=, audit_status=2
2025/12/14 22:14:38 logger.go:43: [ERROR] 统计信息导出-日期参数为空，不应用日期筛选
2025/12/14 22:14:38 logger.go:43: [ERROR] 统计信息导出-最终参数: startDate=0001-01-01 00:00:00 +0000 UTC, endDate=0001-01-01 00:00:00 +0000 UTC, auditStatus=2, hasDateFilter=false
2025/12/14 22:14:38 logger.go:43: [ERROR] getStatisticsByDateRange-接收参数: startTime=0001-01-01 00:00:00 +0000 UTC, endTime=0001-01-01 00:00:00 +0000 UTC, auditStatus=2, hasDateFilter=false
2025/12/14 22:14:38 logger.go:43: [ERROR] getStatisticsByDateRange-不添加日期筛选: hasDateFilter=false, startTime.IsZero=true, endTime.IsZero=true
2025/12/14 22:14:38 logger.go:43: [ERROR] getStatisticsByDateRange-添加建档状态筛选: audit_status=2
2025/12/14 22:14:38 logger.go:43: [ERROR] getStatisticsByDateRange-最终SQL: 
		SELECT 
			management_unit,
			monitor_point_type,
			COUNT(*) as count
		FROM audit_details
		WHERE 1=1
	 AND audit_status = ? GROUP BY management_unit, monitor_point_type ORDER BY management_unit, monitor_point_type
2025/12/14 22:14:38 logger.go:43: [ERROR] getStatisticsByDateRange-最终args: [2]
2025/12/14 22:14:38 logger.go:43: [ERROR] 统计信息导出-查询结果: stats数量=1, summary.TotalCount=5
2025/12/14 22:14:38 logger.go:43: [ERROR] ========== 统计信息导出结束 ==========
2025/12/14 22:14:51 logger.go:43: [ERROR] ========== 统计信息查询开始 ==========
2025/12/14 22:14:51 logger.go:43: [ERROR] 统计信息查询-URL: /stats?start_date=2025-12-08&end_date=2025-12-14&audit_status=2
2025/12/14 22:14:51 logger.go:43: [ERROR] 统计信息查询-RawQuery: start_date=2025-12-08&end_date=2025-12-14&audit_status=2
2025/12/14 22:14:51 logger.go:43: [ERROR] 统计信息查询-从Query获取: start_date=2025-12-08, end_date=2025-12-14, audit_status=2
2025/12/14 22:14:51 logger.go:43: [ERROR] 统计信息查询-日期解析成功: startDate=2025-12-08, endDate=2025-12-14 23:59:59, hasDateFilter=true
2025/12/14 22:14:51 logger.go:43: [ERROR] 统计信息查询-最终参数: startDate=2025-12-08 00:00:00 +0000 UTC, endDate=2025-12-14 23:59:59 +0000 UTC, auditStatus=2, hasDateFilter=true
2025/12/14 22:14:51 logger.go:43: [ERROR] getStatisticsByDateRange-接收参数: startTime=2025-12-08 00:00:00 +0000 UTC, endTime=2025-12-14 23:59:59 +0000 UTC, auditStatus=2, hasDateFilter=true
2025/12/14 22:14:51 logger.go:43: [ERROR] getStatisticsByDateRange-添加日期筛选: startDate=2025-12-08, endDate=2025-12-14
2025/12/14 22:14:51 logger.go:43: [ERROR] getStatisticsByDateRange-添加建档状态筛选: audit_status=2
2025/12/14 22:14:51 logger.go:43: [ERROR] getStatisticsByDateRange-最终SQL: 
		SELECT 
			management_unit,
			monitor_point_type,
			COUNT(*) as count
		FROM audit_details
		WHERE 1=1
	 AND DATE(update_time) >= ? AND DATE(update_time) <= ? AND audit_status = ? GROUP BY management_unit, monitor_point_type ORDER BY management_unit, monitor_point_type
2025/12/14 22:14:51 logger.go:43: [ERROR] getStatisticsByDateRange-最终args: [2025-12-08 2025-12-14 2]
2025/12/14 22:14:51 logger.go:43: [ERROR] 统计信息查询-查询结果: stats数量=1, summary.TotalCount=5
2025/12/14 22:14:51 logger.go:43: [ERROR] ========== 统计信息查询结束 ==========
2025/12/14 22:14:53 logger.go:43: [ERROR] ========== 统计信息查询开始 ==========
2025/12/14 22:14:53 logger.go:43: [ERROR] 统计信息查询-URL: /stats?start_date=2025-12-08&end_date=2025-12-14&audit_status=2
2025/12/14 22:14:53 logger.go:43: [ERROR] 统计信息查询-RawQuery: start_date=2025-12-08&end_date=2025-12-14&audit_status=2
2025/12/14 22:14:53 logger.go:43: [ERROR] 统计信息查询-从Query获取: start_date=2025-12-08, end_date=2025-12-14, audit_status=2
2025/12/14 22:14:53 logger.go:43: [ERROR] 统计信息查询-日期解析成功: startDate=2025-12-08, endDate=2025-12-14 23:59:59, hasDateFilter=true
2025/12/14 22:14:53 logger.go:43: [ERROR] 统计信息查询-最终参数: startDate=2025-12-08 00:00:00 +0000 UTC, endDate=2025-12-14 23:59:59 +0000 UTC, auditStatus=2, hasDateFilter=true
2025/12/14 22:14:53 logger.go:43: [ERROR] getStatisticsByDateRange-接收参数: startTime=2025-12-08 00:00:00 +0000 UTC, endTime=2025-12-14 23:59:59 +0000 UTC, auditStatus=2, hasDateFilter=true
2025/12/14 22:14:53 logger.go:43: [ERROR] getStatisticsByDateRange-添加日期筛选: startDate=2025-12-08, endDate=2025-12-14
2025/12/14 22:14:53 logger.go:43: [ERROR] getStatisticsByDateRange-添加建档状态筛选: audit_status=2
2025/12/14 22:14:53 logger.go:43: [ERROR] getStatisticsByDateRange-最终SQL: 
		SELECT 
			management_unit,
			monitor_point_type,
			COUNT(*) as count
		FROM audit_details
		WHERE 1=1
	 AND DATE(update_time) >= ? AND DATE(update_time) <= ? AND audit_status = ? GROUP BY management_unit, monitor_point_type ORDER BY management_unit, monitor_point_type
2025/12/14 22:14:53 logger.go:43: [ERROR] getStatisticsByDateRange-最终args: [2025-12-08 2025-12-14 2]
2025/12/14 22:14:53 logger.go:43: [ERROR] 统计信息查询-查询结果: stats数量=1, summary.TotalCount=5
2025/12/14 22:14:53 logger.go:43: [ERROR] ========== 统计信息查询结束 ==========
2025/12/14 22:14:55 logger.go:43: [ERROR] ========== 统计信息导出开始 ==========
2025/12/14 22:14:55 logger.go:43: [ERROR] 统计信息导出-URL: /stats/export?start_date%3d2025-12-08%26end_date%3d2025-12-14%26audit_status%3d2
2025/12/14 22:14:55 logger.go:43: [ERROR] 统计信息导出-RawQuery: start_date%3d2025-12-08%26end_date%3d2025-12-14%26audit_status%3d2
2025/12/14 22:14:55 logger.go:43: [ERROR] 统计信息导出-从Query获取: start_date=, end_date=, audit_status=
2025/12/14 22:14:55 logger.go:43: [ERROR] 统计信息导出-检测到参数缺失，从RawQuery解析: RawQuery=start_date%3d2025-12-08%26end_date%3d2025-12-14%26audit_status%3d2
2025/12/14 22:14:55 logger.go:43: [ERROR] 统计信息导出-解码后的RawQuery: start_date=2025-12-08&end_date=2025-12-14&audit_status=2
2025/12/14 22:14:55 logger.go:43: [ERROR] 统计信息导出-RawQuery分割后parts数量: 3
2025/12/14 22:14:55 logger.go:43: [ERROR] 统计信息导出-parts[0]: start_date=2025-12-08
2025/12/14 22:14:55 logger.go:43: [ERROR] 统计信息导出-解析参数: key=start_date, value=2025-12-08
2025/12/14 22:14:55 logger.go:43: [ERROR] 统计信息导出-从RawQuery填充start_date: 2025-12-08
2025/12/14 22:14:55 logger.go:43: [ERROR] 统计信息导出-parts[1]: end_date=2025-12-14
2025/12/14 22:14:55 logger.go:43: [ERROR] 统计信息导出-解析参数: key=end_date, value=2025-12-14
2025/12/14 22:14:55 logger.go:43: [ERROR] 统计信息导出-从RawQuery填充end_date: 2025-12-14
2025/12/14 22:14:55 logger.go:43: [ERROR] 统计信息导出-parts[2]: audit_status=2
2025/12/14 22:14:55 logger.go:43: [ERROR] 统计信息导出-解析参数: key=audit_status, value=2
2025/12/14 22:14:55 logger.go:43: [ERROR] 统计信息导出-从RawQuery填充audit_status: 2
2025/12/14 22:14:55 logger.go:43: [ERROR] 统计信息导出-解析后参数: start_date=2025-12-08, end_date=2025-12-14, audit_status=2
2025/12/14 22:14:55 logger.go:43: [ERROR] 统计信息导出-日期解析成功: startDate=2025-12-08, endDate=2025-12-14 23:59:59, hasDateFilter=true
2025/12/14 22:14:55 logger.go:43: [ERROR] 统计信息导出-最终参数: startDate=2025-12-08 00:00:00 +0000 UTC, endDate=2025-12-14 23:59:59 +0000 UTC, auditStatus=2, hasDateFilter=true
2025/12/14 22:14:55 logger.go:43: [ERROR] getStatisticsByDateRange-接收参数: startTime=2025-12-08 00:00:00 +0000 UTC, endTime=2025-12-14 23:59:59 +0000 UTC, auditStatus=2, hasDateFilter=true
2025/12/14 22:14:55 logger.go:43: [ERROR] getStatisticsByDateRange-添加日期筛选: startDate=2025-12-08, endDate=2025-12-14
2025/12/14 22:14:55 logger.go:43: [ERROR] getStatisticsByDateRange-添加建档状态筛选: audit_status=2
2025/12/14 22:14:55 logger.go:43: [ERROR] getStatisticsByDateRange-最终SQL: 
		SELECT 
			management_unit,
			monitor_point_type,
			COUNT(*) as count
		FROM audit_details
		WHERE 1=1
	 AND DATE(update_time) >= ? AND DATE(update_time) <= ? AND audit_status = ? GROUP BY management_unit, monitor_point_type ORDER BY management_unit, monitor_point_type
2025/12/14 22:14:55 logger.go:43: [ERROR] getStatisticsByDateRange-最终args: [2025-12-08 2025-12-14 2]
2025/12/14 22:14:55 logger.go:43: [ERROR] 统计信息导出-查询结果: stats数量=1, summary.TotalCount=5
2025/12/14 22:14:55 logger.go:43: [ERROR] ========== 统计信息导出结束 ==========
2025/12/14 22:15:08 logger.go:43: [ERROR] ========== 统计信息查询开始 ==========
2025/12/14 22:15:08 logger.go:43: [ERROR] 统计信息查询-URL: /stats?start_date=2025-12-14&end_date=2025-12-14&audit_status=2
2025/12/14 22:15:08 logger.go:43: [ERROR] 统计信息查询-RawQuery: start_date=2025-12-14&end_date=2025-12-14&audit_status=2
2025/12/14 22:15:08 logger.go:43: [ERROR] 统计信息查询-从Query获取: start_date=2025-12-14, end_date=2025-12-14, audit_status=2
2025/12/14 22:15:08 logger.go:43: [ERROR] 统计信息查询-日期解析成功: startDate=2025-12-14, endDate=2025-12-14 23:59:59, hasDateFilter=true
2025/12/14 22:15:08 logger.go:43: [ERROR] 统计信息查询-最终参数: startDate=2025-12-14 00:00:00 +0000 UTC, endDate=2025-12-14 23:59:59 +0000 UTC, auditStatus=2, hasDateFilter=true
2025/12/14 22:15:08 logger.go:43: [ERROR] getStatisticsByDateRange-接收参数: startTime=2025-12-14 00:00:00 +0000 UTC, endTime=2025-12-14 23:59:59 +0000 UTC, auditStatus=2, hasDateFilter=true
2025/12/14 22:15:08 logger.go:43: [ERROR] getStatisticsByDateRange-添加日期筛选: startDate=2025-12-14, endDate=2025-12-14
2025/12/14 22:15:08 logger.go:43: [ERROR] getStatisticsByDateRange-添加建档状态筛选: audit_status=2
2025/12/14 22:15:08 logger.go:43: [ERROR] getStatisticsByDateRange-最终SQL: 
		SELECT 
			management_unit,
			monitor_point_type,
			COUNT(*) as count
		FROM audit_details
		WHERE 1=1
	 AND DATE(update_time) >= ? AND DATE(update_time) <= ? AND audit_status = ? GROUP BY management_unit, monitor_point_type ORDER BY management_unit, monitor_point_type
2025/12/14 22:15:08 logger.go:43: [ERROR] getStatisticsByDateRange-最终args: [2025-12-14 2025-12-14 2]
2025/12/14 22:15:08 logger.go:43: [ERROR] 统计信息查询-查询结果: stats数量=1, summary.TotalCount=5
2025/12/14 22:15:08 logger.go:43: [ERROR] ========== 统计信息查询结束 ==========
2025/12/14 22:15:10 logger.go:43: [ERROR] ========== 统计信息查询开始 ==========
2025/12/14 22:15:10 logger.go:43: [ERROR] 统计信息查询-URL: /stats?start_date=2025-12-14&end_date=2025-12-14&audit_status=2
2025/12/14 22:15:10 logger.go:43: [ERROR] 统计信息查询-RawQuery: start_date=2025-12-14&end_date=2025-12-14&audit_status=2
2025/12/14 22:15:10 logger.go:43: [ERROR] 统计信息查询-从Query获取: start_date=2025-12-14, end_date=2025-12-14, audit_status=2
2025/12/14 22:15:10 logger.go:43: [ERROR] 统计信息查询-日期解析成功: startDate=2025-12-14, endDate=2025-12-14 23:59:59, hasDateFilter=true
2025/12/14 22:15:10 logger.go:43: [ERROR] 统计信息查询-最终参数: startDate=2025-12-14 00:00:00 +0000 UTC, endDate=2025-12-14 23:59:59 +0000 UTC, auditStatus=2, hasDateFilter=true
2025/12/14 22:15:10 logger.go:43: [ERROR] getStatisticsByDateRange-接收参数: startTime=2025-12-14 00:00:00 +0000 UTC, endTime=2025-12-14 23:59:59 +0000 UTC, auditStatus=2, hasDateFilter=true
2025/12/14 22:15:10 logger.go:43: [ERROR] getStatisticsByDateRange-添加日期筛选: startDate=2025-12-14, endDate=2025-12-14
2025/12/14 22:15:10 logger.go:43: [ERROR] getStatisticsByDateRange-添加建档状态筛选: audit_status=2
2025/12/14 22:15:10 logger.go:43: [ERROR] getStatisticsByDateRange-最终SQL: 
		SELECT 
			management_unit,
			monitor_point_type,
			COUNT(*) as count
		FROM audit_details
		WHERE 1=1
	 AND DATE(update_time) >= ? AND DATE(update_time) <= ? AND audit_status = ? GROUP BY management_unit, monitor_point_type ORDER BY management_unit, monitor_point_type
2025/12/14 22:15:10 logger.go:43: [ERROR] getStatisticsByDateRange-最终args: [2025-12-14 2025-12-14 2]
2025/12/14 22:15:10 logger.go:43: [ERROR] 统计信息查询-查询结果: stats数量=1, summary.TotalCount=5
2025/12/14 22:15:10 logger.go:43: [ERROR] ========== 统计信息查询结束 ==========
2025/12/14 22:15:12 logger.go:43: [ERROR] ========== 统计信息导出开始 ==========
2025/12/14 22:15:12 logger.go:43: [ERROR] 统计信息导出-URL: /stats/export?start_date%3d2025-12-14%26end_date%3d2025-12-14%26audit_status%3d2
2025/12/14 22:15:12 logger.go:43: [ERROR] 统计信息导出-RawQuery: start_date%3d2025-12-14%26end_date%3d2025-12-14%26audit_status%3d2
2025/12/14 22:15:12 logger.go:43: [ERROR] 统计信息导出-从Query获取: start_date=, end_date=, audit_status=
2025/12/14 22:15:12 logger.go:43: [ERROR] 统计信息导出-检测到参数缺失，从RawQuery解析: RawQuery=start_date%3d2025-12-14%26end_date%3d2025-12-14%26audit_status%3d2
2025/12/14 22:15:12 logger.go:43: [ERROR] 统计信息导出-解码后的RawQuery: start_date=2025-12-14&end_date=2025-12-14&audit_status=2
2025/12/14 22:15:12 logger.go:43: [ERROR] 统计信息导出-RawQuery分割后parts数量: 3
2025/12/14 22:15:12 logger.go:43: [ERROR] 统计信息导出-parts[0]: start_date=2025-12-14
2025/12/14 22:15:12 logger.go:43: [ERROR] 统计信息导出-解析参数: key=start_date, value=2025-12-14
2025/12/14 22:15:12 logger.go:43: [ERROR] 统计信息导出-从RawQuery填充start_date: 2025-12-14
2025/12/14 22:15:12 logger.go:43: [ERROR] 统计信息导出-parts[1]: end_date=2025-12-14
2025/12/14 22:15:12 logger.go:43: [ERROR] 统计信息导出-解析参数: key=end_date, value=2025-12-14
2025/12/14 22:15:12 logger.go:43: [ERROR] 统计信息导出-从RawQuery填充end_date: 2025-12-14
2025/12/14 22:15:12 logger.go:43: [ERROR] 统计信息导出-parts[2]: audit_status=2
2025/12/14 22:15:12 logger.go:43: [ERROR] 统计信息导出-解析参数: key=audit_status, value=2
2025/12/14 22:15:12 logger.go:43: [ERROR] 统计信息导出-从RawQuery填充audit_status: 2
2025/12/14 22:15:12 logger.go:43: [ERROR] 统计信息导出-解析后参数: start_date=2025-12-14, end_date=2025-12-14, audit_status=2
2025/12/14 22:15:12 logger.go:43: [ERROR] 统计信息导出-日期解析成功: startDate=2025-12-14, endDate=2025-12-14 23:59:59, hasDateFilter=true
2025/12/14 22:15:12 logger.go:43: [ERROR] 统计信息导出-最终参数: startDate=2025-12-14 00:00:00 +0000 UTC, endDate=2025-12-14 23:59:59 +0000 UTC, auditStatus=2, hasDateFilter=true
2025/12/14 22:15:12 logger.go:43: [ERROR] getStatisticsByDateRange-接收参数: startTime=2025-12-14 00:00:00 +0000 UTC, endTime=2025-12-14 23:59:59 +0000 UTC, auditStatus=2, hasDateFilter=true
2025/12/14 22:15:12 logger.go:43: [ERROR] getStatisticsByDateRange-添加日期筛选: startDate=2025-12-14, endDate=2025-12-14
2025/12/14 22:15:12 logger.go:43: [ERROR] getStatisticsByDateRange-添加建档状态筛选: audit_status=2
2025/12/14 22:15:12 logger.go:43: [ERROR] getStatisticsByDateRange-最终SQL: 
		SELECT 
			management_unit,
			monitor_point_type,
			COUNT(*) as count
		FROM audit_details
		WHERE 1=1
	 AND DATE(update_time) >= ? AND DATE(update_time) <= ? AND audit_status = ? GROUP BY management_unit, monitor_point_type ORDER BY management_unit, monitor_point_type
2025/12/14 22:15:12 logger.go:43: [ERROR] getStatisticsByDateRange-最终args: [2025-12-14 2025-12-14 2]
2025/12/14 22:15:12 logger.go:43: [ERROR] 统计信息导出-查询结果: stats数量=1, summary.TotalCount=5
2025/12/14 22:15:12 logger.go:43: [ERROR] ========== 统计信息导出结束 ==========
2025/12/14 22:15:23 logger.go:43: [ERROR] ========== 月度建档数据查询开始 ==========
2025/12/14 22:15:23 logger.go:43: [ERROR] 月度建档数据查询-URL: /audit/statistics
2025/12/14 22:15:23 logger.go:43: [ERROR] 月度建档数据查询-RawQuery: 
2025/12/14 22:15:23 logger.go:43: [ERROR] 月度建档数据查询-从Query获取: month=, audit_status=
2025/12/14 22:15:23 logger.go:43: [ERROR] 月度建档数据查询-月份参数为空，不添加月份筛选
2025/12/14 22:15:23 logger.go:43: [ERROR] 月度建档数据查询-建档状态参数为空，不添加建档状态筛选
2025/12/14 22:15:23 logger.go:43: [ERROR] 月度建档数据查询-最终whereSQL:  WHERE 1=1
2025/12/14 22:15:23 logger.go:43: [ERROR] 月度建档数据查询-最终args: []
2025/12/14 22:15:23 logger.go:43: [ERROR] getStatistics-接收参数: whereSQL= WHERE 1=1, args=[]
2025/12/14 22:15:23 logger.go:43: [ERROR] 月度建档数据查询-查询结果: stats数量=2, summary.GrandTotal=28
2025/12/14 22:15:23 logger.go:43: [ERROR] ========== 月度建档数据查询结束 ==========
2025/12/14 22:15:25 logger.go:43: [ERROR] ========== 月度建档数据查询开始 ==========
2025/12/14 22:15:25 logger.go:43: [ERROR] 月度建档数据查询-URL: /audit/statistics?month=&audit_status=
2025/12/14 22:15:25 logger.go:43: [ERROR] 月度建档数据查询-RawQuery: month=&audit_status=
2025/12/14 22:15:25 logger.go:43: [ERROR] 月度建档数据查询-从Query获取: month=, audit_status=
2025/12/14 22:15:25 logger.go:43: [ERROR] 月度建档数据查询-月份参数为空，不添加月份筛选
2025/12/14 22:15:25 logger.go:43: [ERROR] 月度建档数据查询-建档状态参数为空，不添加建档状态筛选
2025/12/14 22:15:25 logger.go:43: [ERROR] 月度建档数据查询-最终whereSQL:  WHERE 1=1
2025/12/14 22:15:25 logger.go:43: [ERROR] 月度建档数据查询-最终args: []
2025/12/14 22:15:25 logger.go:43: [ERROR] getStatistics-接收参数: whereSQL= WHERE 1=1, args=[]
2025/12/14 22:15:25 logger.go:43: [ERROR] 月度建档数据查询-查询结果: stats数量=2, summary.GrandTotal=28
2025/12/14 22:15:25 logger.go:43: [ERROR] ========== 月度建档数据查询结束 ==========
2025/12/14 22:15:28 logger.go:43: [ERROR] ========== 月度建档数据查询开始 ==========
2025/12/14 22:15:28 logger.go:43: [ERROR] 月度建档数据查询-URL: /audit/statistics?month=&audit_status=2
2025/12/14 22:15:28 logger.go:43: [ERROR] 月度建档数据查询-RawQuery: month=&audit_status=2
2025/12/14 22:15:28 logger.go:43: [ERROR] 月度建档数据查询-从Query获取: month=, audit_status=2
2025/12/14 22:15:28 logger.go:43: [ERROR] 月度建档数据查询-月份参数为空，不添加月份筛选
2025/12/14 22:15:28 logger.go:43: [ERROR] 月度建档数据查询-添加建档状态筛选: audit_status=2
2025/12/14 22:15:28 logger.go:43: [ERROR] 月度建档数据查询-最终whereSQL:  WHERE 1=1 AND audit_status = ?
2025/12/14 22:15:28 logger.go:43: [ERROR] 月度建档数据查询-最终args: [2]
2025/12/14 22:15:28 logger.go:43: [ERROR] getStatistics-接收参数: whereSQL= WHERE 1=1 AND audit_status = ?, args=[2]
2025/12/14 22:15:28 logger.go:43: [ERROR] 月度建档数据查询-查询结果: stats数量=2, summary.GrandTotal=14
2025/12/14 22:15:28 logger.go:43: [ERROR] ========== 月度建档数据查询结束 ==========
2025/12/14 22:15:29 logger.go:43: [ERROR] ========== 月度建档数据导出开始 ==========
2025/12/14 22:15:29 logger.go:43: [ERROR] 月度建档数据导出-URL: /audit/statistics/export?audit_status%3d2
2025/12/14 22:15:29 logger.go:43: [ERROR] 月度建档数据导出-RawQuery: audit_status%3d2
2025/12/14 22:15:29 logger.go:43: [ERROR] 月度建档数据导出-从Query获取: month=, audit_status=
2025/12/14 22:15:29 logger.go:43: [ERROR] 月度建档数据导出-检测到参数缺失，从RawQuery解析: RawQuery=audit_status%3d2
2025/12/14 22:15:29 logger.go:43: [ERROR] 月度建档数据导出-解码后的RawQuery: audit_status=2
2025/12/14 22:15:29 logger.go:43: [ERROR] 月度建档数据导出-RawQuery分割后parts数量: 1
2025/12/14 22:15:29 logger.go:43: [ERROR] 月度建档数据导出-parts[0]: audit_status=2
2025/12/14 22:15:29 logger.go:43: [ERROR] 月度建档数据导出-解析参数: key=audit_status, value=2
2025/12/14 22:15:29 logger.go:43: [ERROR] 月度建档数据导出-从RawQuery填充audit_status: 2
2025/12/14 22:15:29 logger.go:43: [ERROR] 月度建档数据导出-解析后参数: month=, audit_status=2
2025/12/14 22:15:29 logger.go:43: [ERROR] 月度建档数据导出-月份参数为空，不添加月份筛选
2025/12/14 22:15:29 logger.go:43: [ERROR] 月度建档数据导出-添加建档状态筛选: audit_status=2
2025/12/14 22:15:29 logger.go:43: [ERROR] 月度建档数据导出-最终whereSQL:  WHERE 1=1 AND audit_status = ?
2025/12/14 22:15:29 logger.go:43: [ERROR] 月度建档数据导出-最终args: [2]
2025/12/14 22:15:29 logger.go:43: [ERROR] getStatistics-接收参数: whereSQL= WHERE 1=1 AND audit_status = ?, args=[2]
2025/12/14 22:15:29 logger.go:43: [ERROR] 月度建档数据导出-查询结果: stats数量=2, summary.GrandTotal=14
2025/12/14 22:15:29 logger.go:43: [ERROR] ========== 月度建档数据导出结束 ==========
2025/12/14 22:15:49 logger.go:43: [ERROR] ========== 月度建档数据查询开始 ==========
2025/12/14 22:15:49 logger.go:43: [ERROR] 月度建档数据查询-URL: /audit/statistics?month=2025-12&audit_status=2
2025/12/14 22:15:49 logger.go:43: [ERROR] 月度建档数据查询-RawQuery: month=2025-12&audit_status=2
2025/12/14 22:15:49 logger.go:43: [ERROR] 月度建档数据查询-从Query获取: month=2025-12, audit_status=2
2025/12/14 22:15:49 logger.go:43: [ERROR] 月度建档数据查询-添加月份筛选: year=2025, month=12
2025/12/14 22:15:49 logger.go:43: [ERROR] 月度建档数据查询-添加建档状态筛选: audit_status=2
2025/12/14 22:15:49 logger.go:43: [ERROR] 月度建档数据查询-最终whereSQL:  WHERE 1=1 AND YEAR(update_time) = ? AND MONTH(update_time) = ? AND audit_status = ?
2025/12/14 22:15:49 logger.go:43: [ERROR] 月度建档数据查询-最终args: [2025 12 2]
2025/12/14 22:15:49 logger.go:43: [ERROR] getStatistics-接收参数: whereSQL= WHERE 1=1 AND YEAR(update_time) = ? AND MONTH(update_time) = ? AND audit_status = ?, args=[2025 12 2]
2025/12/14 22:15:49 logger.go:43: [ERROR] 月度建档数据查询-查询结果: stats数量=2, summary.GrandTotal=14
2025/12/14 22:15:49 logger.go:43: [ERROR] ========== 月度建档数据查询结束 ==========
2025/12/14 22:15:51 logger.go:43: [ERROR] ========== 月度建档数据导出开始 ==========
2025/12/14 22:15:51 logger.go:43: [ERROR] 月度建档数据导出-URL: /audit/statistics/export?month%3d2025-12%26audit_status%3d2
2025/12/14 22:15:51 logger.go:43: [ERROR] 月度建档数据导出-RawQuery: month%3d2025-12%26audit_status%3d2
2025/12/14 22:15:51 logger.go:43: [ERROR] 月度建档数据导出-从Query获取: month=, audit_status=
2025/12/14 22:15:51 logger.go:43: [ERROR] 月度建档数据导出-检测到参数缺失，从RawQuery解析: RawQuery=month%3d2025-12%26audit_status%3d2
2025/12/14 22:15:51 logger.go:43: [ERROR] 月度建档数据导出-解码后的RawQuery: month=2025-12&audit_status=2
2025/12/14 22:15:51 logger.go:43: [ERROR] 月度建档数据导出-RawQuery分割后parts数量: 2
2025/12/14 22:15:51 logger.go:43: [ERROR] 月度建档数据导出-parts[0]: month=2025-12
2025/12/14 22:15:51 logger.go:43: [ERROR] 月度建档数据导出-解析参数: key=month, value=2025-12
2025/12/14 22:15:51 logger.go:43: [ERROR] 月度建档数据导出-从RawQuery填充month: 2025-12
2025/12/14 22:15:51 logger.go:43: [ERROR] 月度建档数据导出-parts[1]: audit_status=2
2025/12/14 22:15:51 logger.go:43: [ERROR] 月度建档数据导出-解析参数: key=audit_status, value=2
2025/12/14 22:15:51 logger.go:43: [ERROR] 月度建档数据导出-从RawQuery填充audit_status: 2
2025/12/14 22:15:51 logger.go:43: [ERROR] 月度建档数据导出-解析后参数: month=2025-12, audit_status=2
2025/12/14 22:15:51 logger.go:43: [ERROR] 月度建档数据导出-添加月份筛选: year=2025, month=12
2025/12/14 22:15:51 logger.go:43: [ERROR] 月度建档数据导出-添加建档状态筛选: audit_status=2
2025/12/14 22:15:51 logger.go:43: [ERROR] 月度建档数据导出-最终whereSQL:  WHERE 1=1 AND YEAR(update_time) = ? AND MONTH(update_time) = ? AND audit_status = ?
2025/12/14 22:15:51 logger.go:43: [ERROR] 月度建档数据导出-最终args: [2025 12 2]
2025/12/14 22:15:51 logger.go:43: [ERROR] getStatistics-接收参数: whereSQL= WHERE 1=1 AND YEAR(update_time) = ? AND MONTH(update_time) = ? AND audit_status = ?, args=[2025 12 2]
2025/12/14 22:15:51 logger.go:43: [ERROR] 月度建档数据导出-查询结果: stats数量=2, summary.GrandTotal=14
2025/12/14 22:15:51 logger.go:43: [ERROR] ========== 月度建档数据导出结束 ==========
